<?xml version="1.0" encoding="UTF-8"?>
<!-- Generated by org.testng.reporters.JUnitXMLReporter -->
<testsuite ignored="0" hostname="DESKTOP-G0PELCU" failures="0" tests="2" name="BankingApp Test" time="40.089" errors="0" timestamp="25 Jan 2024 02:47:38 GMT">
  <testcase classname="com.inetbanking.TestCases.TC_LoginTest_001" name="loginTest" time="3.406"/>
  <testcase classname="com.inetbanking.TestCases.TC_AddCustomerTest_003" name="addnewcustomer" time="21.443"/>
</testsuite> <!-- BankingApp Test -->
